# JRE version: OpenJDK Runtime Environment (8.0_222-b10) (build 1.8.0_222-8u222-b10-1ubuntu1~18.04.1-b10)
# Java VM: OpenJDK 64-Bit Server VM (25.222-b10 mixed mode linux-amd64 compressed oops)
Heap:
 def new generation   total 17024K, used 0K [0x00000000f0800000, 0x00000000f1a70000, 0x00000000f5aa0000)
  eden space 15168K,   0% used [0x00000000f0800000, 0x00000000f0800000, 0x00000000f16d0000)
  from space 1856K,   0% used [0x00000000f18a0000, 0x00000000f18a0000, 0x00000000f1a70000)
  to   space 1856K,   0% used [0x00000000f16d0000, 0x00000000f16d0000, 0x00000000f18a0000)
 tenured generation   total 44536K, used 42827K [0x00000000f5aa0000, 0x00000000f861e000, 0x0000000100000000)
   the space 44536K,  96% used [0x00000000f5aa0000, 0x00000000f8472e48, 0x00000000f8473000, 0x00000000f861e000)
 Metaspace       used 28756K, capacity 29430K, committed 29824K, reserved 1075200K
  class space    used 3143K, capacity 3358K, committed 3456K, reserved 1048576K
GC Heap History (10 events):
Event: 28.565 GC heap after
Heap after GC invocations=154 (full 3):
 def new generation   total 17024K, used 0K [0x00000000f0800000, 0x00000000f1a70000, 0x00000000f5aa0000)
  eden space 15168K,   0% used [0x00000000f0800000, 0x00000000f0800000, 0x00000000f16d0000)
  from space 1856K,   0% used [0x00000000f16d0000, 0x00000000f16d0000, 0x00000000f18a0000)
  to   space 1856K,   0% used [0x00000000f18a0000, 0x00000000f18a0000, 0x00000000f1a70000)
 tenured generation   total 37624K, used 22572K [0x00000000f5aa0000, 0x00000000f7f5e000, 0x0000000100000000)
   the space 37624K,  59% used [0x00000000f5aa0000, 0x00000000f70ab2d8, 0x00000000f70ab400, 0x00000000f7f5e000)
 Metaspace       used 28058K, capacity 28726K, committed 28928K, reserved 1075200K
  class space    used 3102K, capacity 3294K, committed 3328K, reserved 1048576K
}
Event: 28.583 GC heap before
{Heap before GC invocations=154 (full 3):
 def new generation   total 17024K, used 15133K [0x00000000f0800000, 0x00000000f1a70000, 0x00000000f5aa0000)
  eden space 15168K,  99% used [0x00000000f0800000, 0x00000000f16c7490, 0x00000000f16d0000)
  from space 1856K,   0% used [0x00000000f16d0000, 0x00000000f16d0000, 0x00000000f18a0000)
  to   space 1856K,   0% used [0x00000000f18a0000, 0x00000000f18a0000, 0x00000000f1a70000)
 tenured generation   total 37624K, used 22572K [0x00000000f5aa0000, 0x00000000f7f5e000, 0x0000000100000000)
   the space 37624K,  59% used [0x00000000f5aa0000, 0x00000000f70ab2d8, 0x00000000f70ab400, 0x00000000f7f5e000)
 Metaspace       used 28058K, capacity 28726K, committed 28928K, reserved 1075200K
  class space    used 3102K, capacity 3294K, committed 3328K, reserved 1048576K
Event: 28.584 GC heap after
Heap after GC invocations=155 (full 3):
 def new generation   total 17024K, used 216K [0x00000000f0800000, 0x00000000f1a70000, 0x00000000f5aa0000)
  eden space 15168K,   0% used [0x00000000f0800000, 0x00000000f0800000, 0x00000000f16d0000)
  from space 1856K,  11% used [0x00000000f18a0000, 0x00000000f18d6130, 0x00000000f1a70000)
  to   space 1856K,   0% used [0x00000000f16d0000, 0x00000000f16d0000, 0x00000000f18a0000)
 tenured generation   total 37624K, used 22572K [0x00000000f5aa0000, 0x00000000f7f5e000, 0x0000000100000000)
   the space 37624K,  59% used [0x00000000f5aa0000, 0x00000000f70ab2d8, 0x00000000f70ab400, 0x00000000f7f5e000)
 Metaspace       used 28058K, capacity 28726K, committed 28928K, reserved 1075200K
  class space    used 3102K, capacity 3294K, committed 3328K, reserved 1048576K
}
Event: 28.905 GC heap before
{Heap before GC invocations=155 (full 3):
 def new generation   total 17024K, used 15384K [0x00000000f0800000, 0x00000000f1a70000, 0x00000000f5aa0000)
  eden space 15168K, 100% used [0x00000000f0800000, 0x00000000f16d0000, 0x00000000f16d0000)
  from space 1856K,  11% used [0x00000000f18a0000, 0x00000000f18d6130, 0x00000000f1a70000)
  to   space 1856K,   0% used [0x00000000f16d0000, 0x00000000f16d0000, 0x00000000f18a0000)
 tenured generation   total 37624K, used 22572K [0x00000000f5aa0000, 0x00000000f7f5e000, 0x0000000100000000)
   the space 37624K,  59% used [0x00000000f5aa0000, 0x00000000f70ab2d8, 0x00000000f70ab400, 0x00000000f7f5e000)
 Metaspace       used 28262K, capacity 28886K, committed 29184K, reserved 1075200K
  class space    used 3120K, capacity 3326K, committed 3328K, reserved 1048576K
Event: 28.912 GC heap after
Heap after GC invocations=156 (full 3):
 def new generation   total 17024K, used 1856K [0x00000000f0800000, 0x00000000f1a70000, 0x00000000f5aa0000)
  eden space 15168K,   0% used [0x00000000f0800000, 0x00000000f0800000, 0x00000000f16d0000)
  from space 1856K, 100% used [0x00000000f16d0000, 0x00000000f18a0000, 0x00000000f18a0000)
  to   space 1856K,   0% used [0x00000000f18a0000, 0x00000000f18a0000, 0x00000000f1a70000)
 tenured generation   total 37624K, used 24225K [0x00000000f5aa0000, 0x00000000f7f5e000, 0x0000000100000000)
   the space 37624K,  64% used [0x00000000f5aa0000, 0x00000000f7248730, 0x00000000f7248800, 0x00000000f7f5e000)
 Metaspace       used 28262K, capacity 28886K, committed 29184K, reserved 1075200K
  class space    used 3120K, capacity 3326K, committed 3328K, reserved 1048576K
}
Event: 29.360 GC heap before
{Heap before GC invocations=156 (full 3):
 def new generation   total 17024K, used 17024K [0x00000000f0800000, 0x00000000f1a70000, 0x00000000f5aa0000)
  eden space 15168K, 100% used [0x00000000f0800000, 0x00000000f16d0000, 0x00000000f16d0000)
  from space 1856K, 100% used [0x00000000f16d0000, 0x00000000f18a0000, 0x00000000f18a0000)
  to   space 1856K,   0% used [0x00000000f18a0000, 0x00000000f18a0000, 0x00000000f1a70000)
 tenured generation   total 37624K, used 24225K [0x00000000f5aa0000, 0x00000000f7f5e000, 0x0000000100000000)
   the space 37624K,  64% used [0x00000000f5aa0000, 0x00000000f7248730, 0x00000000f7248800, 0x00000000f7f5e000)
 Metaspace       used 28692K, capacity 29334K, committed 29696K, reserved 1075200K
  class space    used 3139K, capacity 3326K, committed 3328K, reserved 1048576K
Event: 29.386 GC heap after
Heap after GC invocations=157 (full 3):
 def new generation   total 17024K, used 1855K [0x00000000f0800000, 0x00000000f1a70000, 0x00000000f5aa0000)
  eden space 15168K,   0% used [0x00000000f0800000, 0x00000000f0800000, 0x00000000f16d0000)
  from space 1856K,  99% used [0x00000000f18a0000, 0x00000000f1a6fff8, 0x00000000f1a70000)
  to   space 1856K,   0% used [0x00000000f16d0000, 0x00000000f16d0000, 0x00000000f18a0000)
 tenured generation   total 37624K, used 29615K [0x00000000f5aa0000, 0x00000000f7f5e000, 0x0000000100000000)
   the space 37624K,  78% used [0x00000000f5aa0000, 0x00000000f778be08, 0x00000000f778c000, 0x00000000f7f5e000)
 Metaspace       used 28692K, capacity 29334K, committed 29696K, reserved 1075200K
  class space    used 3139K, capacity 3326K, committed 3328K, reserved 1048576K
}
Event: 29.574 GC heap before
{Heap before GC invocations=157 (full 3):
 def new generation   total 17024K, used 17023K [0x00000000f0800000, 0x00000000f1a70000, 0x00000000f5aa0000)
  eden space 15168K, 100% used [0x00000000f0800000, 0x00000000f16d0000, 0x00000000f16d0000)
  from space 1856K,  99% used [0x00000000f18a0000, 0x00000000f1a6fff8, 0x00000000f1a70000)
  to   space 1856K,   0% used [0x00000000f16d0000, 0x00000000f16d0000, 0x00000000f18a0000)
 tenured generation   total 37624K, used 29615K [0x00000000f5aa0000, 0x00000000f7f5e000, 0x0000000100000000)
   the space 37624K,  78% used [0x00000000f5aa0000, 0x00000000f778be08, 0x00000000f778c000, 0x00000000f7f5e000)
 Metaspace       used 28713K, capacity 29366K, committed 29824K, reserved 1075200K
  class space    used 3139K, capacity 3358K, committed 3456K, reserved 1048576K
Event: 29.591 GC heap after
Heap after GC invocations=158 (full 3):
 def new generation   total 17024K, used 1856K [0x00000000f0800000, 0x00000000f1a70000, 0x00000000f5aa0000)
  eden space 15168K,   0% used [0x00000000f0800000, 0x00000000f0800000, 0x00000000f16d0000)
  from space 1856K, 100% used [0x00000000f16d0000, 0x00000000f18a0000, 0x00000000f18a0000)
  to   space 1856K,   0% used [0x00000000f18a0000, 0x00000000f18a0000, 0x00000000f1a70000)
 tenured generation   total 37624K, used 36202K [0x00000000f5aa0000, 0x00000000f7f5e000, 0x0000000100000000)
   the space 37624K,  96% used [0x00000000f5aa0000, 0x00000000f7dfa920, 0x00000000f7dfaa00, 0x00000000f7f5e000)
 Metaspace       used 28713K, capacity 29366K, committed 29824K, reserved 1075200K
  class space    used 3139K, capacity 3358K, committed 3456K, reserved 1048576K
}
Event: 29.793 GC heap before
{Heap before GC invocations=158 (full 3):
 def new generation   total 17024K, used 17024K [0x00000000f0800000, 0x00000000f1a70000, 0x00000000f5aa0000)
  eden space 15168K, 100% used [0x00000000f0800000, 0x00000000f16d0000, 0x00000000f16d0000)
  from space 1856K, 100% used [0x00000000f16d0000, 0x00000000f18a0000, 0x00000000f18a0000)
  to   space 1856K,   0% used [0x00000000f18a0000, 0x00000000f18a0000, 0x00000000f1a70000)
 tenured generation   total 37624K, used 36202K [0x00000000f5aa0000, 0x00000000f7f5e000, 0x0000000100000000)
   the space 37624K,  96% used [0x00000000f5aa0000, 0x00000000f7dfa920, 0x00000000f7dfaa00, 0x00000000f7f5e000)
 Metaspace       used 28756K, capacity 29430K, committed 29824K, reserved 1075200K
  class space    used 3143K, capacity 3358K, committed 3456K, reserved 1048576K

